\BOOKMARK [1][-]{section.1}{\376\377\000E\000i\000n\000f\000\374\000h\000r\000u\000n\000g}{}% 1
\BOOKMARK [1][-]{section.2}{\376\377\000T\000h\000e\000o\000r\000e\000t\000i\000s\000c\000h\000e\000r\000\040\000H\000i\000n\000t\000e\000r\000g\000r\000u\000n\000d}{}% 2
\BOOKMARK [2][-]{subsection.2.1}{\376\377\000G\000r\000u\000n\000d\000b\000e\000g\000r\000i\000f\000f\000e\000\040\000d\000e\000r\000\040\000F\000i\000s\000k\000a\000l\000-\000\040\000u\000n\000d\000\040\000G\000e\000l\000d\000p\000o\000l\000i\000t\000i\000k}{section.2}% 3
\BOOKMARK [2][-]{subsection.2.2}{\376\377\000E\000i\000n\000o\000r\000d\000n\000u\000n\000g\000\040\000i\000n\000\040\000d\000i\000e\000\040\000m\000a\000k\000r\000o\000\366\000k\000o\000n\000o\000m\000i\000s\000c\000h\000e\000\040\000T\000h\000e\000o\000r\000i\000e}{section.2}% 4
\BOOKMARK [2][-]{subsection.2.3}{\376\377\000R\000a\000m\000s\000e\000y\000-\000A\000n\000s\000a\000t\000z\000\040\000u\000n\000d\000\040\000P\000r\000i\000m\000a\000l\000\040\000A\000p\000p\000r\000o\000a\000c\000h}{section.2}% 5
\BOOKMARK [3][-]{subsubsection.2.3.1}{\376\377\000M\000a\000t\000h\000e\000m\000a\000t\000i\000s\000c\000h\000e\000\040\000S\000t\000r\000u\000k\000t\000u\000r\000\040\000d\000e\000s\000\040\000R\000a\000m\000s\000e\000y\000-\000P\000r\000o\000b\000l\000e\000m\000s}{subsection.2.3}% 6
\BOOKMARK [3][-]{subsubsection.2.3.2}{\376\377\000E\000i\000n\000h\000e\000i\000t\000l\000i\000c\000h\000e\000\040\000B\000e\000s\000t\000e\000u\000e\000r\000u\000n\000g\000\040\000v\000o\000n\000\040\000K\000o\000n\000s\000u\000m\000g\000\374\000t\000e\000r\000n}{subsection.2.3}% 7
\BOOKMARK [3][-]{subsubsection.2.3.3}{\376\377\000i\000n\000d\000i\000r\000e\000k\000t\000e\000\040\000B\000e\000s\000t\000e\000u\000e\000r\000u\000n\000g}{subsection.2.3}% 8
\BOOKMARK [1][-]{section.3}{\376\377\000O\000p\000t\000i\000m\000a\000l\000i\000t\000\344\000t\000\040\000f\000i\000s\000k\000a\000l\000i\000s\000c\000h\000e\000r\000\040\000u\000n\000d\000\040\000m\000o\000n\000e\000t\000\344\000r\000e\000r\000\040\000M\000a\000\337\000n\000a\000h\000m\000e\000n}{}% 9
\BOOKMARK [2][-]{subsection.3.1}{\376\377\000G\000r\000u\000n\000d\000p\000r\000i\000n\000z\000i\000p\000i\000e\000n\000\040\000o\000p\000t\000i\000m\000a\000l\000e\000r\000\040\000B\000e\000s\000t\000e\000u\000e\000r\000u\000n\000g}{section.3}% 10
\BOOKMARK [2][-]{subsection.3.2}{\376\377\000K\000a\000p\000i\000t\000a\000l\000b\000e\000s\000t\000e\000u\000e\000r\000u\000n\000g\000\040\000i\000m\000\040\000S\000t\000e\000a\000d\000y\000\040\000S\000t\000a\000t\000e}{section.3}% 11
\BOOKMARK [2][-]{subsection.3.3}{\376\377\000S\000c\000h\000u\000l\000d\000e\000n\000\040\000a\000l\000s\000\040\000S\000c\000h\000o\000c\000k\000a\000b\000s\000o\000r\000b\000e\000r\000\040\000u\000n\000d\000\040\000T\000a\000x\000-\000S\000m\000o\000o\000t\000h\000i\000n\000g}{section.3}% 12
\BOOKMARK [2][-]{subsection.3.4}{\376\377\000O\000p\000t\000i\000m\000a\000l\000i\000t\000\344\000t\000\040\000m\000o\000n\000e\000t\000\344\000r\000e\000r\000\040\000M\000a\000\337\000n\000a\000h\000m\000e\000n\000:\000\040\000F\000r\000i\000e\000d\000m\000a\000n\000\040\000R\000e\000g\000e\000l}{section.3}% 13
\BOOKMARK [2][-]{subsection.3.5}{\376\377\000I\000n\000t\000e\000r\000a\000k\000t\000i\000o\000n\000\040\000v\000o\000n\000\040\000F\000i\000s\000k\000a\000l\000-\000\040\000u\000n\000d\000\040\000G\000e\000l\000d\000p\000o\000l\000i\000t\000i\000k}{section.3}% 14
\BOOKMARK [1][-]{section.4}{\376\377\000K\000r\000i\000t\000i\000s\000c\000h\000e\000\040\000R\000e\000f\000l\000e\000x\000i\000o\000n\000\040\000u\000n\000d\000\040\000p\000o\000l\000i\000t\000i\000s\000c\000h\000e\000\040\000I\000m\000p\000l\000i\000k\000a\000t\000i\000o\000n\000e\000n}{}% 15
\BOOKMARK [2][-]{subsection.4.1}{\376\377\000G\000r\000e\000n\000z\000e\000n\000\040\000d\000e\000r\000\040\000M\000o\000d\000e\000l\000l\000e}{section.4}% 16
\BOOKMARK [2][-]{subsection.4.2}{\376\377\000\334\000b\000e\000r\000t\000r\000a\000g\000b\000a\000r\000k\000e\000i\000t\000\040\000a\000u\000f\000\040\000r\000e\000a\000l\000e\000\040\000P\000o\000l\000i\000t\000i\000k}{section.4}% 17
\BOOKMARK [2][-]{subsection.4.3}{\376\377\000B\000e\000d\000e\000u\000t\000u\000n\000g\000\040\000f\000\374\000r\000\040\000a\000k\000t\000u\000e\000l\000l\000e\000\040\000w\000i\000r\000t\000s\000c\000h\000a\000f\000t\000l\000i\000c\000h\000e\000\040\000D\000e\000b\000a\000t\000t\000e}{section.4}% 18
\BOOKMARK [1][-]{section.5}{\376\377\000F\000a\000z\000i\000t}{}% 19
\BOOKMARK [1][-]{section*.10}{\376\377\000L\000i\000t\000e\000r\000a\000t\000u\000r}{}% 20
\BOOKMARK [1][-]{appendix.A}{\376\377\000M\000a\000t\000h\000e\000m\000a\000t\000i\000c\000a\000l\000\040\000A\000p\000p\000e\000n\000d\000i\000x}{}% 21
\BOOKMARK [1][-]{appendix.B}{\376\377\000A\000d\000d\000i\000t\000i\000o\000n\000a\000l\000\040\000T\000e\000x\000t}{}% 22
\BOOKMARK [2][-]{subsubsection.B.0.1}{\376\377\000R\000e\000c\000h\000e\000n\000b\000e\000i\000s\000p\000i\000e\000l\000\040\000u\000n\000v\000o\000l\000l\000s\000t\000\344\000n\000d\000i\000g\000e\000s\000\040\000S\000t\000e\000u\000e\000r\000s\000y\000s\000t\000e\000m}{appendix.B}% 23
